<?xml version="1.0" encoding="UTF-8"?>
<!-- Generated by org.testng.reporters.JUnitReportReporter -->
<testsuite hostname="HAPPY" failures="0" tests="5" name="testCases.TC_003LoginDDT" time="39.528" errors="0" timestamp="2024-10-04T14:29:32 IST" skipped="0">
  <testcase classname="testCases.TC_003LoginDDT" name="verify_LoginDDT" time="11.386"/>
  <testcase classname="testCases.TC_003LoginDDT" name="verify_LoginDDT" time="11.282"/>
  <testcase classname="testCases.TC_003LoginDDT" name="verify_LoginDDT" time="2.546"/>
  <testcase classname="testCases.TC_003LoginDDT" name="verify_LoginDDT" time="2.873"/>
  <testcase classname="testCases.TC_003LoginDDT" name="verify_LoginDDT" time="11.441"/>
</testsuite> <!-- testCases.TC_003LoginDDT -->
