<?xml version="1.0" encoding="UTF-8"?>
<!-- Generated by org.testng.reporters.JUnitReportReporter -->
<testsuite hostname="HAPPY" failures="0" tests="1" name="testCases.Tc_001AccountRegistationTest" time="4.631" errors="0" timestamp="2024-10-04T14:29:32 IST" skipped="0">
  <testcase classname="testCases.Tc_001AccountRegistationTest" name="verify_account_registration" time="4.631"/>
</testsuite> <!-- testCases.Tc_001AccountRegistationTest -->
