<?xml version="1.0" encoding="UTF-8"?>
<!-- Generated by org.testng.reporters.JUnitReportReporter -->
<testsuite hostname="HAPPY" failures="0" tests="1" name="testCases.TC_002_LoginTest" time="1.903" errors="0" timestamp="2024-10-05T20:43:13 IST" skipped="0">
  <testcase classname="testCases.TC_002_LoginTest" name="verify_Login" time="1.903"/>
</testsuite> <!-- testCases.TC_002_LoginTest -->
