<?xml version="1.0" encoding="UTF-8"?>
<!-- Generated by org.testng.reporters.JUnitReportReporter -->
<testsuite hostname="HAPPY" failures="0" tests="5" name="testCases.TC_003LoginDDT" time="40.511" errors="0" timestamp="2024-10-05T20:43:13 IST" skipped="0">
  <testcase classname="testCases.TC_003LoginDDT" name="verify_LoginDDT" time="2.732"/>
  <testcase classname="testCases.TC_003LoginDDT" name="verify_LoginDDT" time="10.725"/>
  <testcase classname="testCases.TC_003LoginDDT" name="verify_LoginDDT" time="11.631"/>
  <testcase classname="testCases.TC_003LoginDDT" name="verify_LoginDDT" time="3.009"/>
  <testcase classname="testCases.TC_003LoginDDT" name="verify_LoginDDT" time="12.414"/>
</testsuite> <!-- testCases.TC_003LoginDDT -->
