<?xml version="1.0" encoding="UTF-8"?>
<!-- Generated by org.testng.reporters.JUnitReportReporter -->
<testsuite hostname="HAPPY" failures="0" tests="1" name="testCases.Tc_001AccountRegistationTest" time="3.005" errors="0" timestamp="2024-10-05T20:43:13 IST" skipped="0">
  <testcase classname="testCases.Tc_001AccountRegistationTest" name="verify_account_registration" time="3.005"/>
</testsuite> <!-- testCases.Tc_001AccountRegistationTest -->
